<?xml version="1.0" encoding="UTF-8"?>
<testng-results skipped="0" failed="0" total="1" passed="1">
  <reporter-output>
  </reporter-output>
  <suite name="Default suite" duration-ms="146061" started-at="2022-04-11T17:51:34Z" finished-at="2022-04-11T17:54:00Z">
    <groups>
    </groups>
    <test name="Default test" duration-ms="146061" started-at="2022-04-11T17:51:34Z" finished-at="2022-04-11T17:54:00Z">
      <class name="Locators.IDExample">
        <test-method status="PASS" signature="IdDemo()[pri:0, instance:Locators.IDExample@64c64813]" name="IdDemo" duration-ms="145991" started-at="2022-04-11T23:21:34Z" finished-at="2022-04-11T23:24:00Z">
          <reporter-output>
          </reporter-output>
        </test-method> <!-- IdDemo -->
      </class> <!-- Locators.IDExample -->
    </test> <!-- Default test -->
  </suite> <!-- Default suite -->
</testng-results>
